<?xml version="1.0" encoding="UTF-8"?>
<testsuite name="org.hyperskill.simplebankmanager.Stage4UnitTest" tests="9" skipped="0" failures="0" errors="0" timestamp="2024-09-08T14:57:12" hostname="DESKTOP-4UTSA8I" time="1.69">
  <properties/>
  <testcase name="test00_checkNavigationOnCalculateExchange" classname="org.hyperskill.simplebankmanager.Stage4UnitTest" time="0.251"/>
  <testcase name="test01_convertEURtoGBP" classname="org.hyperskill.simplebankmanager.Stage4UnitTest" time="0.147"/>
  <testcase name="test02_convertUSDtoEUR" classname="org.hyperskill.simplebankmanager.Stage4UnitTest" time="0.18"/>
  <testcase name="test03_convertGBPtoEUR" classname="org.hyperskill.simplebankmanager.Stage4UnitTest" time="0.165"/>
  <testcase name="test04_CheckForErrorSameCurrenciesSelected" classname="org.hyperskill.simplebankmanager.Stage4UnitTest" time="0.153"/>
  <testcase name="test05_CheckForErrorEmptyAmount" classname="org.hyperskill.simplebankmanager.Stage4UnitTest" time="0.171"/>
  <testcase name="test06_CheckIfSameCurrencyCanBeSelected" classname="org.hyperskill.simplebankmanager.Stage4UnitTest" time="0.124"/>
  <testcase name="test07_convertAllDefaultMap" classname="org.hyperskill.simplebankmanager.Stage4UnitTest" time="0.252"/>
  <testcase name="test08_convertAllCustomMap" classname="org.hyperskill.simplebankmanager.Stage4UnitTest" time="0.246"/>
  <system-out><![CDATA[]]></system-out>
  <system-err><![CDATA[]]></system-err>
</testsuite>
