<?xml version="1.0" encoding="UTF-8"?>
<testsuite name="org.hyperskill.simplebankmanager.Stage2UnitTest" tests="2" skipped="0" failures="0" errors="0" timestamp="2024-09-08T14:57:10" hostname="DESKTOP-4UTSA8I" time="0.257">
  <properties/>
  <testcase name="test00_checkLoginWithDefaultValuesSucceed" classname="org.hyperskill.simplebankmanager.Stage2UnitTest" time="0.141"/>
  <testcase name="test01_checkLoginWithCustomValuesSucceed" classname="org.hyperskill.simplebankmanager.Stage2UnitTest" time="0.116"/>
  <system-out><![CDATA[]]></system-out>
  <system-err><![CDATA[]]></system-err>
</testsuite>
